<?xml version="1.0" encoding="UTF-8"?>
<testsuite name="Cucumber" time="32.296" tests="2" skipped="0" failures="1" errors="0">
<testcase classname="feature to test login functionality" name="Check login is successful with valid credentials - Example #1.1" time="10.846">
<system-out><![CDATA[
Given the user is on login page.............................................passed
When the user enters the valid student and Password123......................passed
And click on login button...................................................passed
Then the user navigated to home page........................................passed
]]></system-out>
</testcase>
<testcase classname="feature to test login functionality" name="Check login is successful with valid credentials - Example #1.2" time="21.074">
<failure type="org.openqa.selenium.NoSuchElementException" message="Unable to find element with locator By.xpath: //*[@id=&quot;loop-container&quot;]/div/article/div[2]/div/div/div/a
For documentation on this error, please visit: https://www.selenium.dev/documentation/webdriver/troubleshooting/errors#no-such-element-exception
Build info: version: '4.12.1', revision: '8e34639b11'
System info: os.name: 'Windows 10', os.arch: 'amd64', os.version: '10.0', java.version: '17.0.7'
Driver info: driver.version: RemoteWebDriver">
<![CDATA[org.openqa.selenium.NoSuchElementException: Unable to find element with locator By.xpath: //*[@id="loop-container"]/div/article/div[2]/div/div/div/a
For documentation on this error, please visit: https://www.selenium.dev/documentation/webdriver/troubleshooting/errors#no-such-element-exception
Build info: version: '4.12.1', revision: '8e34639b11'
System info: os.name: 'Windows 10', os.arch: 'amd64', os.version: '10.0', java.version: '17.0.7'
Driver info: driver.version: RemoteWebDriver
	at org.openqa.selenium.remote.ElementLocation$ElementFinder$2.findElement(ElementLocation.java:168)
	at org.openqa.selenium.remote.ElementLocation.findElement(ElementLocation.java:59)
	at org.openqa.selenium.remote.RemoteWebDriver.findElement(RemoteWebDriver.java:359)
	at org.openqa.selenium.remote.RemoteWebDriver.findElement(RemoteWebDriver.java:353)
	at org.openqa.selenium.support.pagefactory.DefaultElementLocator.findElement(DefaultElementLocator.java:68)
	at org.openqa.selenium.support.pagefactory.internal.LocatingElementHandler.invoke(LocatingElementHandler.java:38)
	at jdk.proxy2/jdk.proxy2.$Proxy23.click(Unknown Source)
	at PageFactory.Logout_page_PF.click_logout_btn_pf(Logout_page_PF.java:28)
	at StepDefinitions.LoginSteps_PF.the_user_navigated_to_home_page(LoginSteps_PF.java:60)
	at âœ½.the user navigated to home page(file:///C:/Users/gani0320/Desktop/SDET/BDD_Cucumber/Cucumber_Artifacts/src/test/resources/features/login.feature:8)
]]>
</failure>
<system-out><![CDATA[
Given the user is on login page.............................................passed
When the user enters the valid Gaurav and Password123.......................passed
And click on login button...................................................passed
Then the user navigated to home page........................................failed
]]></system-out>
</testcase>
</testsuite>
